Command line:
   mem_unit_tb_isim_beh.exe
     -simmode  gui
     -simrunnum  0
     -socket  55013

Sun Feb 03 13:21:16 2019


 Elaboration Time: 0.09375 sec

 Current Memory Usage: 5828.6 Meg

 Total Signals          : 24
 Total Nets             : 114
 Total Signal Drivers   : 16
 Total Blocks           : 3
 Total Primitive Blocks : 2
 Total Processes        : 20
 Total Traceable Variables  : 30
 Total Scalar Nets and Variables : 1048855
Total Line Count : 65

 Total Simulation Time: 0.703125 sec

 Current Memory Usage: 5828.57 Meg

Sun Feb 03 13:21:57 2019

