ISim log file
Running: C:\Users\tuey\Desktop\CSSE232\project\3B-dripchar-eckelsjd-morganbm-tuey\Implementation\two_port_mem-needs_debugging\mem_unit_tb_isim_beh.exe -intstyle ise -gui -tclbatch isim.cmd -wdb C:/Users/tuey/Desktop/CSSE232/project/3B-dripchar-eckelsjd-morganbm-tuey/Implementation/two_port_mem-needs_debugging/mem_unit_tb_isim_beh.wdb 
ISim P.20131013 (signature 0x7708f090)
----------------------------------------------------------------------
INFO:Security:50 - The XILINXD_LICENSE_FILE environment variable is set to '2100@ise.csse.rose-hulman.edu'.
INFO:Security:53 - The LM_LICENSE_FILE environment variable is not set.
WARNING:Security:43 - No license file was found in the standard Xilinx license directory.
WARNING:Security:44 - Since no license file was found,
       please run the Xilinx License Configuration Manager
       (xlcm or "Manage Xilinx Licenses")
       to assist in obtaining a license.
WARNING:Security:42 - Your software subscription period has lapsed. Your current version of Xilinx tools will continue to function, but you no longer qualify for Xilinx software updates or new releases.


----------------------------------------------------------------------
This is a Full version of ISim.
Time resolution is 1 ps
# onerror resume
# wave add /
# run 1000 ns
Simulator is doing circuit initialization process.
Finished circuit initialization process.
Port1
address = 0000; actual = xxxx; expected = 0 FAILED 

address = 0000; actual = 0000; expected = 1 FAILED 

address = 0000; actual = 0000; expected = 0 PASSED 

address = 0000; actual = 0000; expected = 1 FAILED 

address = 0000; actual = 0000; expected = 0 PASSED 

address = 0000; actual = 0000; expected = 1 FAILED 

address = 0000; actual = 0000; expected = 0 PASSED 

address = 0000; actual = 0000; expected = 1 FAILED 

address = 0000; actual = 0000; expected = 0 PASSED 

address = 0000; actual = 0000; expected = 1 FAILED 

address = 0000; actual = 0000; expected = 0 PASSED 

address = 0000; actual = 0000; expected = 1 FAILED 

address = 0000; actual = 0000; expected = 0 PASSED 

address = 0000; actual = 0000; expected = 1 FAILED 

address = 0000; actual = 0000; expected = 0 PASSED 

address = 0000; actual = 0000; expected = 1 FAILED 

address = 0001; actual = xxxx; expected = 0 FAILED 

address = 0001; actual = 0000; expected = 1 FAILED 

address = 0001; actual = 0001; expected = 0 FAILED 

address = 0001; actual = 0000; expected = 1 FAILED 

address = 0001; actual = 0001; expected = 0 FAILED 

address = 0001; actual = 0000; expected = 1 FAILED 

address = 0001; actual = 0001; expected = 0 FAILED 

address = 0001; actual = 0000; expected = 1 FAILED 

address = 0001; actual = 0001; expected = 0 FAILED 

address = 0001; actual = 0000; expected = 1 FAILED 

address = 0001; actual = 0001; expected = 0 FAILED 

address = 0001; actual = 0000; expected = 1 FAILED 

address = 0001; actual = 0001; expected = 0 FAILED 

address = 0001; actual = 0000; expected = 1 FAILED 

address = 0001; actual = 0001; expected = 0 FAILED 

address = 0001; actual = 0000; expected = 1 FAILED 

address = 0002; actual = xxxx; expected = 0 FAILED 

address = 0002; actual = 0000; expected = 1 FAILED 

address = 0002; actual = 0001; expected = 0 FAILED 

address = 0002; actual = 0000; expected = 1 FAILED 

address = 0002; actual = 0001; expected = 0 FAILED 

address = 0002; actual = 0000; expected = 1 FAILED 

address = 0002; actual = 0001; expected = 0 FAILED 

address = 0002; actual = 0000; expected = 1 FAILED 

address = 0002; actual = 0001; expected = 0 FAILED 

address = 0002; actual = 0000; expected = 1 FAILED 

address = 0002; actual = 0001; expected = 0 FAILED 

address = 0002; actual = 0000; expected = 1 FAILED 

address = 0002; actual = 0001; expected = 0 FAILED 

address = 0002; actual = 0000; expected = 1 FAILED 

address = 0002; actual = 0001; expected = 0 FAILED 

address = 0002; actual = 0000; expected = 1 FAILED 

address = 0003; actual = xxxx; expected = 0 FAILED 

address = 0003; actual = 0000; expected = 1 FAILED 

address = 0003; actual = 0001; expected = 0 FAILED 

address = 0003; actual = 0000; expected = 1 FAILED 

address = 0003; actual = 0001; expected = 0 FAILED 

address = 0003; actual = 0000; expected = 1 FAILED 

address = 0003; actual = 0001; expected = 0 FAILED 

address = 0003; actual = 0000; expected = 1 FAILED 

address = 0003; actual = 0001; expected = 0 FAILED 

address = 0003; actual = 0000; expected = 1 FAILED 

address = 0003; actual = 0001; expected = 0 FAILED 

address = 0003; actual = 0000; expected = 1 FAILED 

address = 0003; actual = 0001; expected = 0 FAILED 

address = 0003; actual = 0000; expected = 1 FAILED 

address = 0003; actual = 0001; expected = 0 FAILED 

address = 0003; actual = 0000; expected = 1 FAILED 

address = 0004; actual = xxxx; expected = 0 FAILED 

address = 0004; actual = 0000; expected = 1 FAILED 

address = 0004; actual = 0001; expected = 0 FAILED 

address = 0004; actual = 0000; expected = 1 FAILED 

address = 0004; actual = 0001; expected = 0 FAILED 

address = 0004; actual = 0000; expected = 1 FAILED 

address = 0004; actual = 0001; expected = 0 FAILED 

address = 0004; actual = 0000; expected = 1 FAILED 

address = 0004; actual = 0001; expected = 0 FAILED 

address = 0004; actual = 0000; expected = 1 FAILED 

address = 0004; actual = 0001; expected = 0 FAILED 

address = 0004; actual = 0000; expected = 1 FAILED 

address = 0004; actual = 0001; expected = 0 FAILED 

address = 0004; actual = 0000; expected = 1 FAILED 

address = 0004; actual = 0001; expected = 0 FAILED 

address = 0004; actual = 0000; expected = 1 FAILED 

address = 0005; actual = xxxx; expected = 0 FAILED 

address = 0005; actual = 0000; expected = 1 FAILED 

address = 0005; actual = 0001; expected = 0 FAILED 

address = 0005; actual = 0000; expected = 1 FAILED 

address = 0005; actual = 0001; expected = 0 FAILED 

address = 0005; actual = 0000; expected = 1 FAILED 

address = 0005; actual = 0001; expected = 0 FAILED 

address = 0005; actual = 0000; expected = 1 FAILED 

address = 0005; actual = 0001; expected = 0 FAILED 

address = 0005; actual = 0000; expected = 1 FAILED 

